<?xml version="1.0" encoding="UTF-8"?>
<testsuite xmlns:xsi="http://www.w3.org/2001/XMLSchema-instance" xsi:noNamespaceSchemaLocation="https://maven.apache.org/surefire/maven-surefire-plugin/xsd/surefire-test-report.xsd" name="com.example.demo.ExemploVulnerabilidadeTest" time="0.055" tests="8" errors="0" skipped="0" failures="0">
  <properties>
[...]
</properties>
  <testcase name="testValidJavaStructure" classname="com.example.demo.ExemploVulnerabilidadeTest" time="0.033"/>
  <testcase name="testUsesPlaceholder" classname="com.example.demo.ExemploVulnerabilidadeTest" time="0.001"/>
  <testcase name="testHasTryWithResources" classname="com.example.demo.ExemploVulnerabilidadeTest" time="0.001"/>
  <testcase name="testNoSimpleStatement" classname="com.example.demo.ExemploVulnerabilidadeTest" time="0.002"/>
  <testcase name="testNoPreparedStatementInSource" classname="com.example.demo.ExemploVulnerabilidadeTest" time="0.001"/>
  <testcase name="testHasSQLExceptionHandling" classname="com.example.demo.ExemploVulnerabilidadeTest" time="0.001"/>
  <testcase name="testProcessesResultSetInLoop" classname="com.example.demo.ExemploVulnerabilidadeTest" time="0.001"/>
  <testcase name="testSecurityPractices" classname="com.example.demo.ExemploVulnerabilidadeTest" time="0.001"/>
</testsuite>